<?xml version="1.0" encoding="UTF-8"?>
<!-- Generated by org.testng.reporters.JUnitReportReporter -->
<testsuite hostname="MININT-ESDIT00" name="com.example.tests.AlsoGroupCreationTests" tests="2" failures="0" timestamp="27 May 2014 02:16:55 GMT" time="2.822" errors="0">
  <testcase name="testEmptyGroupCreation" time="1.342" classname="com.example.tests.AlsoGroupCreationTests"/>
  <testcase name="testNonEmptyGroupCreation" time="1.480" classname="com.example.tests.AlsoGroupCreationTests"/>
</testsuite> <!-- com.example.tests.AlsoGroupCreationTests -->
