<?xml version="1.0" encoding="UTF-8"?>
<!-- Generated by org.testng.reporters.JUnitReportReporter -->
<testsuite hostname="MININT-ESDIT00" name="com.example.tests.GroupModificationTests" tests="1" failures="0" timestamp="3 Jun 2014 01:48:32 GMT" time="1.838" errors="0">
  <testcase name="modifySomeGroup" time="1.838" classname="com.example.tests.GroupModificationTests"/>
</testsuite> <!-- com.example.tests.GroupModificationTests -->
