<?xml version="1.0" encoding="UTF-8"?>
<!-- Generated by org.testng.reporters.JUnitReportReporter -->
<testsuite hostname="MININT-ESDIT00" name="com.example.tests.GroupRemovalTests" tests="1" failures="0" timestamp="2 Jun 2014 00:06:18 GMT" time="2.870" errors="0">
  <testcase name="deleteSomeGroup" time="2.870" classname="com.example.tests.GroupRemovalTests"/>
</testsuite> <!-- com.example.tests.GroupRemovalTests -->
