<?xml version="1.0" encoding="UTF-8"?>
<!-- Generated by org.testng.reporters.JUnitReportReporter -->
<testsuite hostname="MININT-ESDIT00" name="com.example.tests.ContactCreationTests" tests="1" failures="0" timestamp="2 Jun 2014 00:10:34 GMT" time="2.727" errors="0">
  <testcase name="testNonEmptyAddressCreation" time="2.727" classname="com.example.tests.ContactCreationTests"/>
</testsuite> <!-- com.example.tests.ContactCreationTests -->
