<?xml version="1.0" encoding="UTF-8"?>
<!-- Generated by org.testng.reporters.JUnitReportReporter -->
<testsuite hostname="MININT-ESDIT00" name="com.example.tests.GroupCreationTests" tests="2" failures="0" timestamp="30 May 2014 01:25:55 GMT" time="6.502" errors="0">
  <testcase name="testNonEmptyGroupCreation" time="1.250" classname="com.example.tests.GroupCreationTests"/>
  <testcase name="testEmptyGroupCreation" time="5.252" classname="com.example.tests.GroupCreationTests"/>
</testsuite> <!-- com.example.tests.GroupCreationTests -->
