<?xml version="1.0" encoding="UTF-8"?>
<!-- Generated by org.testng.reporters.JUnitReportReporter -->
<testsuite hostname="MININT-ESDIT00" name="com.example.tests.ContactRemovalTests" tests="1" failures="0" timestamp="3 Jun 2014 00:41:17 GMT" time="1.320" errors="0">
  <testcase name="deleteSomeContacts" time="1.320" classname="com.example.tests.ContactRemovalTests"/>
</testsuite> <!-- com.example.tests.ContactRemovalTests -->
