<?xml version="1.0" encoding="UTF-8"?>
<!-- Generated by org.testng.reporters.JUnitReportReporter -->
<testsuite hostname="MININT-ESDIT00" name="com.example.tests.ContactModificationTests" tests="1" failures="0" timestamp="3 Jun 2014 02:14:19 GMT" time="1.441" errors="0">
  <testcase name="modifySomeContact" time="1.441" classname="com.example.tests.ContactModificationTests"/>
</testsuite> <!-- com.example.tests.ContactModificationTests -->
