<?xml version="1.0" encoding="UTF-8"?>
<!-- Generated by org.testng.reporters.JUnitReportReporter -->
<testsuite hostname="MININT-ESDIT00" name="com.example.tests.GroupRemovalTests" tests="1" failures="0" timestamp="31 May 2014 14:31:42 GMT" time="1.960" errors="0">
  <testcase name="deleteSomeGroup" time="1.960" classname="com.example.tests.GroupRemovalTests"/>
</testsuite> <!-- com.example.tests.GroupRemovalTests -->
