<?xml version="1.0" encoding="UTF-8"?>
<!-- Generated by org.testng.reporters.JUnitReportReporter -->
<testsuite hostname="MININT-ESDIT00" name="com.example.tests.GroupModificationTests" tests="1" failures="0" timestamp="1 Jun 2014 02:02:59 GMT" time="31.892" errors="0">
  <testcase name="modifySomeGroup" time="31.892" classname="com.example.tests.GroupModificationTests"/>
</testsuite> <!-- com.example.tests.GroupModificationTests -->
