<?xml version="1.0" encoding="UTF-8"?>
<!-- Generated by org.testng.reporters.JUnitReportReporter -->
<testsuite hostname="MININT-ESDIT00" name="com.example.tests.AddressCreationTests" tests="2" failures="0" timestamp="22 May 2014 03:03:21 GMT" time="4.134" errors="0">
  <testcase name="testNonEmptyAddressCreation" time="2.028" classname="com.example.tests.AddressCreationTests"/>
  <testcase name="testEmptyAddressCreation" time="2.106" classname="com.example.tests.AddressCreationTests"/>
</testsuite> <!-- com.example.tests.AddressCreationTests -->
