<?xml version="1.0" encoding="UTF-8"?>
<!-- Generated by org.testng.reporters.JUnitReportReporter -->
<testsuite hostname="MININT-ESDIT00" name="com.example.tests.AddressCreationTests" tests="2" failures="0" timestamp="21 May 2014 03:54:33 GMT" time="3.650" errors="0">
  <testcase name="testEmptyAddressCreation" time="1.770" classname="com.example.tests.AddressCreationTests"/>
  <testcase name="testNonEmptyAddressCreation" time="1.880" classname="com.example.tests.AddressCreationTests"/>
</testsuite> <!-- com.example.tests.AddressCreationTests -->
