<?xml version="1.0" encoding="UTF-8"?>
<!-- Generated by org.testng.reporters.JUnitReportReporter -->
<testsuite hostname="MININT-ESDIT00" name="com.example.tests.GroupCreationTests" tests="2" failures="0" timestamp="21 May 2014 03:54:33 GMT" time="2.714" errors="0">
  <testcase name="testEmptyGroupCreation" time="1.494" classname="com.example.tests.GroupCreationTests"/>
  <testcase name="testNonEmptyGroupCreation" time="1.220" classname="com.example.tests.GroupCreationTests"/>
</testsuite> <!-- com.example.tests.GroupCreationTests -->
