<?xml version="1.0" encoding="UTF-8"?>
<!-- Generated by org.testng.reporters.JUnitReportReporter -->
<testsuite hostname="MININT-ESDIT00" name="com.example.tests.GroupCreationTests2" tests="2" failures="0" timestamp="21 May 2014 03:54:33 GMT" time="2.240" errors="0">
  <testcase name="testNonEmptyGroupCreation" time="1.140" classname="com.example.tests.GroupCreationTests2"/>
  <testcase name="testEmptyGroupCreation" time="1.100" classname="com.example.tests.GroupCreationTests2"/>
</testsuite> <!-- com.example.tests.GroupCreationTests2 -->
